  [4;36;1mSQL (0.2ms)[0m   [0;1m SELECT name
 FROM sqlite_master
 WHERE type = 'table' AND NOT name = 'sqlite_sequence'
[0m
  [4;35;1mSQL (0.1ms)[0m   [0mselect sqlite_version(*)[0m
  [4;36;1mSQL (1.8ms)[0m   [0;1mCREATE TABLE "schema_migrations" ("version" varchar(255) NOT NULL) [0m
  [4;35;1mSQL (1.9ms)[0m   [0mCREATE UNIQUE INDEX "unique_schema_migrations" ON "schema_migrations" ("version")[0m
  [4;36;1mSQL (0.2ms)[0m   [0;1m SELECT name
 FROM sqlite_master
 WHERE type = 'table' AND NOT name = 'sqlite_sequence'
[0m
  [4;35;1mSQL (0.1ms)[0m   [0mSELECT version FROM schema_migrations[0m
Migrating to CreateBookmarklets (20091028031942)
  [4;36;1mSQL (0.5ms)[0m   [0;1mCREATE TABLE "bookmarklets" ("id" INTEGER PRIMARY KEY AUTOINCREMENT NOT NULL, "name" varchar(255), "code" text, "created_at" datetime, "updated_at" datetime) [0m
  [4;35;1mSQL (0.1ms)[0m   [0mINSERT INTO schema_migrations (version) VALUES ('20091028031942')[0m
  [4;36;1mSQL (0.2ms)[0m   [0;1m SELECT name
 FROM sqlite_master
 WHERE type = 'table' AND NOT name = 'sqlite_sequence'
[0m
  [4;35;1mSQL (0.1ms)[0m   [0mSELECT version FROM schema_migrations[0m
  [4;36;1mSQL (0.1ms)[0m   [0;1m SELECT name
 FROM sqlite_master
 WHERE type = 'table' AND NOT name = 'sqlite_sequence'
[0m
  [4;35;1mSQL (0.0ms)[0m   [0mPRAGMA index_list("bookmarklets")[0m


Processing BookmarkletsController#index (for 127.0.0.1 at 2009-10-27 23:20:03) [GET]
  [4;36;1mBookmarklet Load (0.6ms)[0m   [0;1mSELECT * FROM "bookmarklets" [0m
Rendering template within layouts/bookmarklets
Rendering bookmarklets/index
Completed in 82ms (View: 76, DB: 1) | 200 OK [http://localhost/bookmarklets]


Processing BookmarkletsController#new (for 127.0.0.1 at 2009-10-27 23:20:09) [GET]
Rendering template within layouts/bookmarklets
Rendering bookmarklets/new
Completed in 14ms (View: 9, DB: 0) | 200 OK [http://localhost/bookmarklets/new]


Processing BookmarkletsController#create (for 127.0.0.1 at 2009-10-27 23:20:26) [POST]
  Parameters: {"commit"=>"Create", "authenticity_token"=>"7ei+QGTYd5YDc6lrh6RRm7R/wD69+Gez7E6J10h5Egk=", "bookmarklet"=>{"name"=>"Augment GitHub", "code"=>"(function($) {\r\n  var apiURL = 'http://github.com/api/v2/json/';\r\n\r\n  function appendStat(name, val, href) {\r\n    if (href) {\r\n      name = '<a href=\\\"' + href + '\\\">' + name + '</a>';\r\n    }\r\n    return $('<span><b>' + val + '</b> ' + name + '</span>');\r\n  };\r\n\r\n  function getIssues(repo) {\r\n    return function() {\r\n      var issuesURL = apiURL + 'issues/list/' + repo.owner + '/' + repo.name + '/open';\r\n      $.getJSON(issuesURL + '?callback=?', function(data) {\r\n        if (data.issues) {\r\n          $('#' + [repo.owner, repo.name, 'stats'].join('-')).append(appendStat('issues', data.issues.length, repo.url + '/issues'));\r\n        }\r\n      });\r\n    }\r\n  }\r\n\r\n  function augmentRepo(repo) {\r\n    var repo = this;\r\n\r\n    var elem = $('.repo_list li a[href=\\\"' + repo.url + '\\\"]');\r\n    \r\n    if (!elem.size()) { return; } // Don't augment hidden repositories.\r\n\r\n    var stats = $('<div></div>')\r\n      .attr('id', [repo.owner, repo.name, 'stats'].join('-'))\r\n      .addClass('some-repo-stats');\r\n    var watchers = appendStat('watchers', repo.watchers, repo.url + '/watchers');\r\n    var forks    = appendStat('forks', repo.forks, repo.url + '/network');\r\n\r\n    stats.append(watchers);\r\n    stats.append(forks);\r\n\r\n    stats.css({\r\n      color: '#666666',\r\n      display: 'none',\r\n      marginLeft: '10px',\r\n      marginBottom: '5px'\r\n    });\r\n\r\n    stats.find('span').css({\r\n      display: 'inline-block',\r\n      marginRight: '10px'\r\n    });\r\n    \r\n    stats.find('span a').css({\r\n      background: 'none',\r\n      display: 'inline',\r\n      fontSize: '13px',\r\n      padding: '0'\r\n    });\r\n\r\n    elem.after(stats);\r\n    stats.slideDown();\r\n\r\n    // Load issues in the background, since each requires API hit\r\n    window.setTimeout(getIssues(repo), 100);\r\n  };\r\n\r\n  function fetchRepos() {\r\n    var username = $('.userbox .name').text();\r\n    var reposURL = apiURL + 'repos/show/' + username;\r\n    $.facebox($('<div>Loading repo data...</div>').css({\r\n      textAlign: 'center'\r\n    }));\r\n\r\n    $.getJSON(reposURL + '?callback=?', function(data) {\r\n      if (data.repositories) {\r\n        $('.some-repo-stats').remove();\r\n        $.each(data.repositories, augmentRepo);\r\n        $.facebox.close();\r\n      }\r\n    });\r\n  };\r\n\r\n  if ($('#repo_listing').size()) {\r\n    fetchRepos();\r\n  } else {\r\n    alert(\"Dude, you're not on your dashboard.\");\r\n  }\r\n})(jQuery)\r\n"}}
  [4;35;1mBookmarklet Create (0.5ms)[0m   [0mINSERT INTO "bookmarklets" ("name", "created_at", "code", "updated_at") VALUES('Augment GitHub', '2009-10-28 03:20:26', '(function($) {
 var apiURL = ''http://github.com/api/v2/json/'';

 function appendStat(name, val, href) {
 if (href) {
 name = ''<a href=\"'' + href + ''\">'' + name + ''</a>'';
 }
 return $(''<span><b>'' + val + ''</b> '' + name + ''</span>'');
 };

 function getIssues(repo) {
 return function() {
 var issuesURL = apiURL + ''issues/list/'' + repo.owner + ''/'' + repo.name + ''/open'';
 $.getJSON(issuesURL + ''?callback=?'', function(data) {
 if (data.issues) {
 $(''#'' + [repo.owner, repo.name, ''stats''].join(''-'')).append(appendStat(''issues'', data.issues.length, repo.url + ''/issues''));
 }
 });
 }
 }

 function augmentRepo(repo) {
 var repo = this;

 var elem = $(''.repo_list li a[href=\"'' + repo.url + ''\"]'');
 
 if (!elem.size()) { return; } // Don''t augment hidden repositories.

 var stats = $(''<div></div>'')
 .attr(''id'', [repo.owner, repo.name, ''stats''].join(''-''))
 .addClass(''some-repo-stats'');
 var watchers = appendStat(''watchers'', repo.watchers, repo.url + ''/watchers'');
 var forks = appendStat(''forks'', repo.forks, repo.url + ''/network'');

 stats.append(watchers);
 stats.append(forks);

 stats.css({
 color: ''#666666'',
 display: ''none'',
 marginLeft: ''10px'',
 marginBottom: ''5px''
 });

 stats.find(''span'').css({
 display: ''inline-block'',
 marginRight: ''10px''
 });
 
 stats.find(''span a'').css({
 background: ''none'',
 display: ''inline'',
 fontSize: ''13px'',
 padding: ''0''
 });

 elem.after(stats);
 stats.slideDown();

 // Load issues in the background, since each requires API hit
 window.setTimeout(getIssues(repo), 100);
 };

 function fetchRepos() {
 var username = $(''.userbox .name'').text();
 var reposURL = apiURL + ''repos/show/'' + username;
 $.facebox($(''<div>Loading repo data...</div>'').css({
 textAlign: ''center''
 }));

 $.getJSON(reposURL + ''?callback=?'', function(data) {
 if (data.repositories) {
 $(''.some-repo-stats'').remove();
 $.each(data.repositories, augmentRepo);
 $.facebox.close();
 }
 });
 };

 if ($(''#repo_listing'').size()) {
 fetchRepos();
 } else {
 alert("Dude, you''re not on your dashboard.");
 }
})(jQuery)
', '2009-10-28 03:20:26')[0m
Redirected to http://localhost:3000/bookmarklets/1
Completed in 11ms (DB: 0) | 302 Found [http://localhost/bookmarklets]


Processing BookmarkletsController#show (for 127.0.0.1 at 2009-10-27 23:20:26) [GET]
  Parameters: {"id"=>"1"}
  [4;36;1mBookmarklet Load (0.2ms)[0m   [0;1mSELECT * FROM "bookmarklets" WHERE ("bookmarklets"."id" = 1) [0m
Rendering template within layouts/bookmarklets
Rendering bookmarklets/show
Completed in 11ms (View: 6, DB: 0) | 200 OK [http://localhost/bookmarklets/1]


Processing BookmarkletsController#show (for 127.0.0.1 at 2009-10-27 23:22:05) [GET]
  Parameters: {"id"=>"1"}
  [4;36;1mBookmarklet Load (0.3ms)[0m   [0;1mSELECT * FROM "bookmarklets" WHERE ("bookmarklets"."id" = 1) [0m
Rendering template within layouts/bookmarklets
Rendering bookmarklets/show
Completed in 93ms (View: 25, DB: 0) | 200 OK [http://localhost/bookmarklets/1]


Processing BookmarkletsController#show to js (for 127.0.0.1 at 2009-10-27 23:22:08) [GET]
  Parameters: {"id"=>"1"}
  [4;35;1mBookmarklet Load (0.2ms)[0m   [0mSELECT * FROM "bookmarklets" WHERE ("bookmarklets"."id" = 1) [0m
Completed in 7ms (View: 1, DB: 0) | 200 OK [http://localhost/bookmarklets/1.js]


Processing BookmarkletsController#index (for 127.0.0.1 at 2009-10-27 23:22:29) [GET]
  [4;36;1mBookmarklet Load (0.4ms)[0m   [0;1mSELECT * FROM "bookmarklets" [0m
Rendering template within layouts/bookmarklets
Rendering bookmarklets/index
Completed in 15ms (View: 11, DB: 0) | 200 OK [http://localhost/bookmarklets]


Processing BookmarkletsController#show (for 127.0.0.1 at 2009-10-27 23:22:33) [GET]
  Parameters: {"id"=>"1"}
  [4;35;1mBookmarklet Load (0.2ms)[0m   [0mSELECT * FROM "bookmarklets" WHERE ("bookmarklets"."id" = 1) [0m
Rendering template within layouts/bookmarklets
Rendering bookmarklets/show
Completed in 8ms (View: 3, DB: 0) | 200 OK [http://localhost/bookmarklets/1]


Processing BookmarkletsController#show to js (for 127.0.0.1 at 2009-10-27 23:22:35) [GET]
  Parameters: {"id"=>"1"}
  [4;36;1mBookmarklet Load (0.3ms)[0m   [0;1mSELECT * FROM "bookmarklets" WHERE ("bookmarklets"."id" = 1) [0m
Completed in 6ms (View: 1, DB: 0) | 200 OK [http://localhost/bookmarklets/1.js]


Processing BookmarkletsController#show (for 127.0.0.1 at 2009-10-27 23:22:55) [GET]
  Parameters: {"id"=>"1"}
  [4;35;1mBookmarklet Load (0.2ms)[0m   [0mSELECT * FROM "bookmarklets" WHERE ("bookmarklets"."id" = 1) [0m
Rendering template within layouts/bookmarklets
Rendering bookmarklets/show
Completed in 10ms (View: 5, DB: 0) | 200 OK [http://localhost/bookmarklets/1]


Processing BookmarkletsController#show (for 127.0.0.1 at 2009-10-27 23:23:18) [GET]
  Parameters: {"id"=>"1"}
  [4;36;1mBookmarklet Load (0.2ms)[0m   [0;1mSELECT * FROM "bookmarklets" WHERE ("bookmarklets"."id" = 1) [0m
Rendering template within layouts/bookmarklets
Rendering bookmarklets/show
Completed in 10ms (View: 5, DB: 0) | 200 OK [http://localhost/bookmarklets/1]


Processing BookmarkletsController#show (for 127.0.0.1 at 2009-10-27 23:23:26) [GET]
  Parameters: {"id"=>"1"}
  [4;35;1mBookmarklet Load (0.2ms)[0m   [0mSELECT * FROM "bookmarklets" WHERE ("bookmarklets"."id" = 1) [0m
Rendering template within layouts/bookmarklets
Rendering bookmarklets/show
Completed in 9ms (View: 5, DB: 0) | 200 OK [http://localhost/bookmarklets/1]


Processing BookmarkletsController#show (for 127.0.0.1 at 2009-10-27 23:23:40) [GET]
  Parameters: {"id"=>"1"}
  [4;36;1mBookmarklet Load (0.2ms)[0m   [0;1mSELECT * FROM "bookmarklets" WHERE ("bookmarklets"."id" = 1) [0m
Rendering template within layouts/bookmarklets
Rendering bookmarklets/show
Completed in 11ms (View: 6, DB: 0) | 200 OK [http://localhost/bookmarklets/1]


Processing BookmarkletsController#show (for 127.0.0.1 at 2009-10-27 23:23:47) [GET]
  Parameters: {"id"=>"1"}
  [4;35;1mBookmarklet Load (0.2ms)[0m   [0mSELECT * FROM "bookmarklets" WHERE ("bookmarklets"."id" = 1) [0m
Rendering template within layouts/bookmarklets
Rendering bookmarklets/show
Completed in 10ms (View: 5, DB: 0) | 200 OK [http://localhost/bookmarklets/1]


Processing BookmarkletsController#show (for 127.0.0.1 at 2009-10-27 23:24:02) [GET]
  Parameters: {"id"=>"1"}
  [4;36;1mBookmarklet Load (0.2ms)[0m   [0;1mSELECT * FROM "bookmarklets" WHERE ("bookmarklets"."id" = 1) [0m
Rendering template within layouts/bookmarklets
Rendering bookmarklets/show
Completed in 10ms (View: 5, DB: 0) | 200 OK [http://localhost/bookmarklets/1]


Processing BookmarkletsController#show (for 127.0.0.1 at 2009-10-27 23:24:15) [GET]
  Parameters: {"id"=>"1"}
  [4;35;1mBookmarklet Load (0.2ms)[0m   [0mSELECT * FROM "bookmarklets" WHERE ("bookmarklets"."id" = 1) [0m
Rendering template within layouts/bookmarklets
Rendering bookmarklets/show
Completed in 14ms (View: 7, DB: 0) | 200 OK [http://localhost/bookmarklets/1]


Processing BookmarkletsController#show (for 127.0.0.1 at 2009-10-27 23:24:27) [GET]
  Parameters: {"id"=>"1"}
  [4;36;1mBookmarklet Load (0.3ms)[0m   [0;1mSELECT * FROM "bookmarklets" WHERE ("bookmarklets"."id" = 1) [0m
Rendering template within layouts/bookmarklets
Rendering bookmarklets/show
Completed in 13ms (View: 7, DB: 0) | 200 OK [http://localhost/bookmarklets/1]


Processing BookmarkletsController#show (for 127.0.0.1 at 2009-10-27 23:24:47) [GET]
  Parameters: {"id"=>"1"}
  [4;35;1mBookmarklet Load (0.2ms)[0m   [0mSELECT * FROM "bookmarklets" WHERE ("bookmarklets"."id" = 1) [0m
Rendering template within layouts/bookmarklets
Rendering bookmarklets/show
Completed in 84ms (View: 79, DB: 0) | 200 OK [http://localhost/bookmarklets/1]


Processing BookmarkletsController#new (for 127.0.0.1 at 2009-10-27 23:31:48) [GET]
Rendering template within layouts/bookmarklets
Rendering bookmarklets/new
Completed in 12ms (View: 8, DB: 0) | 200 OK [http://localhost/bookmarklets/new]


Processing BookmarkletsController#new (for 127.0.0.1 at 2009-10-27 23:32:01) [GET]
Rendering template within layouts/bookmarklets
Rendering bookmarklets/new
Completed in 14ms (View: 9, DB: 0) | 200 OK [http://localhost/bookmarklets/new]


Processing BookmarkletsController#new (for 127.0.0.1 at 2009-10-27 23:32:25) [GET]
Rendering template within layouts/bookmarklets
Rendering bookmarklets/new
Completed in 12ms (View: 8, DB: 0) | 200 OK [http://localhost/bookmarklets/new]


Processing BookmarkletsController#new (for 127.0.0.1 at 2009-10-27 23:32:54) [GET]
Rendering template within layouts/bookmarklets
Rendering bookmarklets/new
Completed in 82ms (View: 5, DB: 0) | 200 OK [http://localhost/bookmarklets/new]


Processing BookmarkletsController#new (for 127.0.0.1 at 2009-10-27 23:33:07) [GET]
Rendering template within layouts/bookmarklets
Rendering bookmarklets/new
Completed in 9ms (View: 5, DB: 0) | 200 OK [http://localhost/bookmarklets/new]


Processing BookmarkletsController#new (for 127.0.0.1 at 2009-10-27 23:33:13) [GET]
Rendering template within layouts/bookmarklets
Rendering bookmarklets/new
Completed in 9ms (View: 5, DB: 0) | 200 OK [http://localhost/bookmarklets/new]


Processing BookmarkletsController#new (for 127.0.0.1 at 2009-10-27 23:33:25) [GET]
Rendering template within layouts/bookmarklets
Rendering bookmarklets/new
Completed in 9ms (View: 5, DB: 0) | 200 OK [http://localhost/bookmarklets/new]


Processing BookmarkletsController#new (for 127.0.0.1 at 2009-10-27 23:33:32) [GET]
Rendering template within layouts/bookmarklets
Rendering bookmarklets/new
Completed in 9ms (View: 5, DB: 0) | 200 OK [http://localhost/bookmarklets/new]


Processing BookmarkletsController#new (for 127.0.0.1 at 2009-10-27 23:33:35) [GET]
Rendering template within layouts/bookmarklets
Rendering bookmarklets/new
Completed in 9ms (View: 5, DB: 0) | 200 OK [http://localhost/bookmarklets/new]


Processing BookmarkletsController#new (for 127.0.0.1 at 2009-10-27 23:33:42) [GET]
Rendering template within layouts/bookmarklets
Rendering bookmarklets/new
Completed in 9ms (View: 4, DB: 0) | 200 OK [http://localhost/bookmarklets/new]


Processing BookmarkletsController#new (for 127.0.0.1 at 2009-10-27 23:33:45) [GET]
Rendering template within layouts/bookmarklets
Rendering bookmarklets/new
Completed in 9ms (View: 4, DB: 0) | 200 OK [http://localhost/bookmarklets/new]


Processing BookmarkletsController#new (for 127.0.0.1 at 2009-10-27 23:33:54) [GET]
Rendering template within layouts/bookmarklets
Rendering bookmarklets/new
Completed in 9ms (View: 4, DB: 0) | 200 OK [http://localhost/bookmarklets/new]


Processing BookmarkletsController#new (for 127.0.0.1 at 2009-10-27 23:33:57) [GET]
Rendering template within layouts/bookmarklets
Rendering bookmarklets/new
Completed in 9ms (View: 4, DB: 0) | 200 OK [http://localhost/bookmarklets/new]


Processing BookmarkletsController#new (for 127.0.0.1 at 2009-10-27 23:34:08) [GET]
Rendering template within layouts/bookmarklets
Rendering bookmarklets/new
Completed in 9ms (View: 4, DB: 0) | 200 OK [http://localhost/bookmarklets/new]


Processing BookmarkletsController#new (for 127.0.0.1 at 2009-10-27 23:34:11) [GET]
Rendering template within layouts/bookmarklets
Rendering bookmarklets/new
Completed in 11ms (View: 7, DB: 0) | 200 OK [http://localhost/bookmarklets/new]


Processing BookmarkletsController#new (for 127.0.0.1 at 2009-10-27 23:34:13) [GET]
Rendering template within layouts/bookmarklets
Rendering bookmarklets/new
Completed in 9ms (View: 5, DB: 0) | 200 OK [http://localhost/bookmarklets/new]


Processing BookmarkletsController#new (for 127.0.0.1 at 2009-10-27 23:34:15) [GET]
Rendering template within layouts/bookmarklets
Rendering bookmarklets/new
Completed in 9ms (View: 4, DB: 0) | 200 OK [http://localhost/bookmarklets/new]


Processing BookmarkletsController#new (for 127.0.0.1 at 2009-10-27 23:34:24) [GET]
Rendering template within layouts/bookmarklets
Rendering bookmarklets/new
Completed in 9ms (View: 4, DB: 0) | 200 OK [http://localhost/bookmarklets/new]


Processing BookmarkletsController#new (for 127.0.0.1 at 2009-10-27 23:34:33) [GET]
Rendering template within layouts/bookmarklets
Rendering bookmarklets/new
Completed in 9ms (View: 5, DB: 0) | 200 OK [http://localhost/bookmarklets/new]


Processing BookmarkletsController#new (for 127.0.0.1 at 2009-10-27 23:34:48) [GET]
Rendering template within layouts/bookmarklets
Rendering bookmarklets/new
Completed in 8ms (View: 4, DB: 0) | 200 OK [http://localhost/bookmarklets/new]


Processing BookmarkletsController#show to js (for 127.0.0.1 at 2009-10-27 23:34:58) [GET]
  Parameters: {"id"=>"1"}
  [4;36;1mBookmarklet Load (0.2ms)[0m   [0;1mSELECT * FROM "bookmarklets" WHERE ("bookmarklets"."id" = 1) [0m
Completed in 6ms (View: 1, DB: 0) | 200 OK [http://localhost/bookmarklets/1.js]


Processing BookmarkletsController#show to js (for 127.0.0.1 at 2009-10-27 23:35:00) [GET]
  Parameters: {"id"=>"1"}
  [4;35;1mBookmarklet Load (0.3ms)[0m   [0mSELECT * FROM "bookmarklets" WHERE ("bookmarklets"."id" = 1) [0m
Completed in 8ms (View: 1, DB: 0) | 200 OK [http://localhost/bookmarklets/1.js]


Processing BookmarkletsController#create (for 127.0.0.1 at 2009-10-27 23:35:11) [POST]
  Parameters: {"commit"=>"Create", "authenticity_token"=>"7ei+QGTYd5YDc6lrh6RRm7R/wD69+Gez7E6J10h5Egk=", "bookmarklet"=>{"name"=>"Augmented GitHub", "code"=>"(function($) {\r\n  var apiURL = 'http://github.com/api/v2/json/';\r\n\r\n  function appendStat(name, val, href) {\r\n    if (href) {\r\n      name = '<a href=\\\"' + href + '\\\">' + name + '</a>';\r\n    }\r\n    return $('<span><b>' + val + '</b> ' + name + '</span>');\r\n  };\r\n\r\n  function getIssues(repo) {\r\n    return function() {\r\n      var issuesURL = apiURL + 'issues/list/' + repo.owner + '/' + repo.name + '/open';\r\n      $.getJSON(issuesURL + '?callback=?', function(data) {\r\n        if (data.issues) {\r\n          $('#' + [repo.owner, repo.name, 'stats'].join('-')).append(appendStat('issues', data.issues.length, repo.url + '/issues'));\r\n        }\r\n      });\r\n    }\r\n  }\r\n\r\n  function augmentRepo(repo) {\r\n    var repo = this;\r\n\r\n    var elem = $('.repo_list li a[href=\\\"' + repo.url + '\\\"]');\r\n    \r\n    if (!elem.size()) { return; } // Don't augment hidden repositories.\r\n\r\n    var stats = $('<div></div>')\r\n      .attr('id', [repo.owner, repo.name, 'stats'].join('-'))\r\n      .addClass('some-repo-stats');\r\n    var watchers = appendStat('watchers', repo.watchers, repo.url + '/watchers');\r\n    var forks    = appendStat('forks', repo.forks, repo.url + '/network');\r\n\r\n    stats.append(watchers);\r\n    stats.append(forks);\r\n\r\n    stats.css({\r\n      color: '#666666',\r\n      display: 'none',\r\n      marginLeft: '10px',\r\n      marginBottom: '5px'\r\n    });\r\n\r\n    stats.find('span').css({\r\n      display: 'inline-block',\r\n      marginRight: '10px'\r\n    });\r\n    \r\n    stats.find('span a').css({\r\n      background: 'none',\r\n      display: 'inline',\r\n      fontSize: '13px',\r\n      padding: '0'\r\n    });\r\n\r\n    elem.after(stats);\r\n    stats.slideDown();\r\n\r\n    // Load issues in the background, since each requires API hit\r\n    window.setTimeout(getIssues(repo), 100);\r\n  };\r\n\r\n  function fetchRepos() {\r\n    var username = $('.userbox .name').text();\r\n    var reposURL = apiURL + 'repos/show/' + username;\r\n    $.facebox($('<div>Loading repo data...</div>').css({\r\n      textAlign: 'center'\r\n    }));\r\n\r\n    $.getJSON(reposURL + '?callback=?', function(data) {\r\n      if (data.repositories) {\r\n        $('.some-repo-stats').remove();\r\n        $.each(data.repositories, augmentRepo);\r\n        $.facebox.close();\r\n      }\r\n    });\r\n  };\r\n\r\n  if ($('#repo_listing').size()) {\r\n    fetchRepos();\r\n  } else {\r\n    alert(\"Dude, you're not on your dashboard.\");\r\n  }\r\n})(jQuery)\r\n"}}
  [4;36;1mBookmarklet Create (0.5ms)[0m   [0;1mINSERT INTO "bookmarklets" ("name", "created_at", "code", "updated_at") VALUES('Augmented GitHub', '2009-10-28 03:35:11', '(function($) {
 var apiURL = ''http://github.com/api/v2/json/'';

 function appendStat(name, val, href) {
 if (href) {
 name = ''<a href=\"'' + href + ''\">'' + name + ''</a>'';
 }
 return $(''<span><b>'' + val + ''</b> '' + name + ''</span>'');
 };

 function getIssues(repo) {
 return function() {
 var issuesURL = apiURL + ''issues/list/'' + repo.owner + ''/'' + repo.name + ''/open'';
 $.getJSON(issuesURL + ''?callback=?'', function(data) {
 if (data.issues) {
 $(''#'' + [repo.owner, repo.name, ''stats''].join(''-'')).append(appendStat(''issues'', data.issues.length, repo.url + ''/issues''));
 }
 });
 }
 }

 function augmentRepo(repo) {
 var repo = this;

 var elem = $(''.repo_list li a[href=\"'' + repo.url + ''\"]'');
 
 if (!elem.size()) { return; } // Don''t augment hidden repositories.

 var stats = $(''<div></div>'')
 .attr(''id'', [repo.owner, repo.name, ''stats''].join(''-''))
 .addClass(''some-repo-stats'');
 var watchers = appendStat(''watchers'', repo.watchers, repo.url + ''/watchers'');
 var forks = appendStat(''forks'', repo.forks, repo.url + ''/network'');

 stats.append(watchers);
 stats.append(forks);

 stats.css({
 color: ''#666666'',
 display: ''none'',
 marginLeft: ''10px'',
 marginBottom: ''5px''
 });

 stats.find(''span'').css({
 display: ''inline-block'',
 marginRight: ''10px''
 });
 
 stats.find(''span a'').css({
 background: ''none'',
 display: ''inline'',
 fontSize: ''13px'',
 padding: ''0''
 });

 elem.after(stats);
 stats.slideDown();

 // Load issues in the background, since each requires API hit
 window.setTimeout(getIssues(repo), 100);
 };

 function fetchRepos() {
 var username = $(''.userbox .name'').text();
 var reposURL = apiURL + ''repos/show/'' + username;
 $.facebox($(''<div>Loading repo data...</div>'').css({
 textAlign: ''center''
 }));

 $.getJSON(reposURL + ''?callback=?'', function(data) {
 if (data.repositories) {
 $(''.some-repo-stats'').remove();
 $.each(data.repositories, augmentRepo);
 $.facebox.close();
 }
 });
 };

 if ($(''#repo_listing'').size()) {
 fetchRepos();
 } else {
 alert("Dude, you''re not on your dashboard.");
 }
})(jQuery)
', '2009-10-28 03:35:11')[0m
Redirected to http://localhost:3000/bookmarklets/2
Completed in 30ms (DB: 0) | 302 Found [http://localhost/bookmarklets]


Processing BookmarkletsController#show (for 127.0.0.1 at 2009-10-27 23:35:11) [GET]
  Parameters: {"id"=>"2"}
  [4;35;1mBookmarklet Load (0.2ms)[0m   [0mSELECT * FROM "bookmarklets" WHERE ("bookmarklets"."id" = 2) [0m
Rendering template within layouts/bookmarklets
Rendering bookmarklets/show
Completed in 8ms (View: 3, DB: 0) | 200 OK [http://localhost/bookmarklets/2]


Processing BookmarkletsController#show (for 127.0.0.1 at 2009-10-27 23:35:26) [GET]
  Parameters: {"id"=>"2"}
  [4;36;1mBookmarklet Load (0.2ms)[0m   [0;1mSELECT * FROM "bookmarklets" WHERE ("bookmarklets"."id" = 2) [0m
Rendering template within layouts/bookmarklets
Rendering bookmarklets/show
Completed in 11ms (View: 6, DB: 0) | 200 OK [http://localhost/bookmarklets/2]


Processing BookmarkletsController#show (for 127.0.0.1 at 2009-10-27 23:35:32) [GET]
  Parameters: {"id"=>"2"}
  [4;35;1mBookmarklet Load (0.2ms)[0m   [0mSELECT * FROM "bookmarklets" WHERE ("bookmarklets"."id" = 2) [0m
Rendering template within layouts/bookmarklets
Rendering bookmarklets/show
Completed in 11ms (View: 6, DB: 0) | 200 OK [http://localhost/bookmarklets/2]


Processing BookmarkletsController#show (for 127.0.0.1 at 2009-10-27 23:35:47) [GET]
  Parameters: {"id"=>"2"}
  [4;36;1mBookmarklet Load (0.2ms)[0m   [0;1mSELECT * FROM "bookmarklets" WHERE ("bookmarklets"."id" = 2) [0m
Rendering template within layouts/bookmarklets
Rendering bookmarklets/show
Completed in 7ms (View: 2, DB: 0) | 200 OK [http://localhost/bookmarklets/2]


Processing BookmarkletsController#show (for 127.0.0.1 at 2009-10-27 23:36:05) [GET]
  Parameters: {"id"=>"2"}
  [4;35;1mBookmarklet Load (0.2ms)[0m   [0mSELECT * FROM "bookmarklets" WHERE ("bookmarklets"."id" = 2) [0m
Rendering template within layouts/bookmarklets
Rendering bookmarklets/show
Completed in 8ms (View: 2, DB: 0) | 200 OK [http://localhost/bookmarklets/2]


Processing BookmarkletsController#show (for 127.0.0.1 at 2009-10-27 23:36:12) [GET]
  Parameters: {"id"=>"2"}
  [4;36;1mBookmarklet Load (0.2ms)[0m   [0;1mSELECT * FROM "bookmarklets" WHERE ("bookmarklets"."id" = 2) [0m
Rendering template within layouts/bookmarklets
Rendering bookmarklets/show
Completed in 84ms (View: 79, DB: 0) | 200 OK [http://localhost/bookmarklets/2]


Processing BookmarkletsController#show (for 127.0.0.1 at 2009-10-27 23:36:20) [GET]
  Parameters: {"id"=>"2"}
  [4;35;1mBookmarklet Load (0.2ms)[0m   [0mSELECT * FROM "bookmarklets" WHERE ("bookmarklets"."id" = 2) [0m
Rendering template within layouts/bookmarklets
Rendering bookmarklets/show
Completed in 11ms (View: 6, DB: 0) | 200 OK [http://localhost/bookmarklets/2]


Processing BookmarkletsController#show (for 127.0.0.1 at 2009-10-27 23:36:32) [GET]
  Parameters: {"id"=>"2"}
  [4;36;1mBookmarklet Load (0.2ms)[0m   [0;1mSELECT * FROM "bookmarklets" WHERE ("bookmarklets"."id" = 2) [0m
Rendering template within layouts/bookmarklets
Rendering bookmarklets/show
Completed in 11ms (View: 6, DB: 0) | 200 OK [http://localhost/bookmarklets/2]


Processing BookmarkletsController#show (for 127.0.0.1 at 2009-10-27 23:37:03) [GET]
  Parameters: {"id"=>"2"}
  [4;35;1mBookmarklet Load (0.2ms)[0m   [0mSELECT * FROM "bookmarklets" WHERE ("bookmarklets"."id" = 2) [0m
Rendering template within layouts/bookmarklets
Rendering bookmarklets/show
Completed in 10ms (View: 6, DB: 0) | 200 OK [http://localhost/bookmarklets/2]


Processing BookmarkletsController#show (for 127.0.0.1 at 2009-10-27 23:37:14) [GET]
  Parameters: {"id"=>"2"}
  [4;36;1mBookmarklet Load (0.2ms)[0m   [0;1mSELECT * FROM "bookmarklets" WHERE ("bookmarklets"."id" = 2) [0m
Rendering template within layouts/bookmarklets
Rendering bookmarklets/show
Completed in 8ms (View: 2, DB: 0) | 200 OK [http://localhost/bookmarklets/2]


Processing BookmarkletsController#show (for 127.0.0.1 at 2009-10-27 23:37:17) [GET]
  Parameters: {"id"=>"2"}
  [4;35;1mBookmarklet Load (0.2ms)[0m   [0mSELECT * FROM "bookmarklets" WHERE ("bookmarklets"."id" = 2) [0m
Rendering template within layouts/bookmarklets
Rendering bookmarklets/show
Completed in 11ms (View: 6, DB: 0) | 200 OK [http://localhost/bookmarklets/2]


Processing BookmarkletsController#new (for 127.0.0.1 at 2009-10-27 23:37:44) [GET]
Rendering template within layouts/bookmarklets
Rendering bookmarklets/new
Completed in 9ms (View: 4, DB: 0) | 200 OK [http://localhost/bookmarklets/new]


Processing BookmarkletsController#new (for 127.0.0.1 at 2009-10-27 23:37:54) [GET]
Rendering template within layouts/bookmarklets
Rendering bookmarklets/new
Completed in 8ms (View: 4, DB: 0) | 200 OK [http://localhost/bookmarklets/new]


Processing BookmarkletsController#new (for 127.0.0.1 at 2009-10-27 23:37:59) [GET]
Rendering template within layouts/bookmarklets
Rendering bookmarklets/new
Completed in 9ms (View: 5, DB: 0) | 200 OK [http://localhost/bookmarklets/new]


Processing BookmarkletsController#new (for 127.0.0.1 at 2009-10-27 23:38:07) [GET]
Rendering template within layouts/bookmarklets
Rendering bookmarklets/new
Completed in 9ms (View: 5, DB: 0) | 200 OK [http://localhost/bookmarklets/new]


Processing BookmarkletsController#new (for 127.0.0.1 at 2009-10-27 23:38:16) [GET]
Rendering template within layouts/bookmarklets
Rendering bookmarklets/new
Completed in 9ms (View: 5, DB: 0) | 200 OK [http://localhost/bookmarklets/new]


Processing BookmarkletsController#new (for 127.0.0.1 at 2009-10-27 23:38:41) [GET]
Rendering template within layouts/bookmarklets
Rendering bookmarklets/new
Completed in 9ms (View: 5, DB: 0) | 200 OK [http://localhost/bookmarklets/new]


Processing BookmarkletsController#new (for 127.0.0.1 at 2009-10-27 23:38:48) [GET]
Rendering template within layouts/bookmarklets
Rendering bookmarklets/new
Completed in 9ms (View: 4, DB: 0) | 200 OK [http://localhost/bookmarklets/new]


Processing BookmarkletsController#new (for 127.0.0.1 at 2009-10-27 23:38:57) [GET]
Rendering template within layouts/bookmarklets
Rendering bookmarklets/new
Completed in 9ms (View: 5, DB: 0) | 200 OK [http://localhost/bookmarklets/new]


Processing BookmarkletsController#create (for 127.0.0.1 at 2009-10-27 23:38:59) [POST]
  Parameters: {"commit"=>"Create", "authenticity_token"=>"7ei+QGTYd5YDc6lrh6RRm7R/wD69+Gez7E6J10h5Egk=", "bookmarklet"=>{"name"=>"", "code"=>""}}
Rendering template within layouts/bookmarklets
Rendering bookmarklets/new
Completed in 19ms (View: 12, DB: 0) | 200 OK [http://localhost/bookmarklets]


Processing BookmarkletsController#index (for 127.0.0.1 at 2009-10-27 23:39:02) [GET]
  [4;36;1mBookmarklet Load (0.5ms)[0m   [0;1mSELECT * FROM "bookmarklets" [0m
Rendering template within layouts/bookmarklets
Rendering bookmarklets/index
Completed in 86ms (View: 10, DB: 1) | 200 OK [http://localhost/bookmarklets]


Processing BookmarkletsController#index (for 127.0.0.1 at 2009-10-27 23:39:19) [GET]
Redirected to http://localhost:3000/
Completed in 1ms (DB: 0) | 302 Found [http://localhost/bookmarklets]


Processing BookmarkletsController#new (for 127.0.0.1 at 2009-10-27 23:39:20) [GET]
Rendering template within layouts/bookmarklets
Rendering bookmarklets/new
Completed in 9ms (View: 5, DB: 0) | 200 OK [http://localhost/bookmarklets/new]


Processing BookmarkletsController#index (for 127.0.0.1 at 2009-10-27 23:39:21) [GET]
Redirected to http://localhost:3000/
Completed in 1ms (DB: 0) | 302 Found [http://localhost/bookmarklets]


Processing BookmarkletsController#new (for 127.0.0.1 at 2009-10-27 23:39:22) [GET]
Rendering template within layouts/bookmarklets
Rendering bookmarklets/new
Completed in 9ms (View: 4, DB: 0) | 200 OK [http://localhost/bookmarklets/new]


Processing BookmarkletsController#index (for 127.0.0.1 at 2009-10-27 23:39:23) [GET]
Redirected to http://localhost:3000/
Completed in 1ms (DB: 0) | 302 Found [http://localhost/bookmarklets]


Processing BookmarkletsController#new (for 127.0.0.1 at 2009-10-27 23:39:25) [GET]
Rendering template within layouts/bookmarklets
Rendering bookmarklets/new
Completed in 15ms (View: 7, DB: 0) | 200 OK [http://localhost/bookmarklets/new]


Processing BookmarkletsController#create (for 127.0.0.1 at 2009-10-27 23:39:27) [POST]
  Parameters: {"commit"=>"Create", "authenticity_token"=>"7ei+QGTYd5YDc6lrh6RRm7R/wD69+Gez7E6J10h5Egk=", "bookmarklet"=>{"name"=>"", "code"=>""}}
Rendering template within layouts/bookmarklets
Rendering bookmarklets/new
Completed in 18ms (View: 12, DB: 0) | 200 OK [http://localhost/bookmarklets]


Processing BookmarkletsController#index (for 127.0.0.1 at 2009-10-27 23:39:30) [GET]
Redirected to http://localhost:3000/
Completed in 2ms (DB: 0) | 302 Found [http://localhost/bookmarklets]


Processing BookmarkletsController#new (for 127.0.0.1 at 2009-10-27 23:39:31) [GET]
Rendering template within layouts/bookmarklets
Rendering bookmarklets/new
Completed in 78ms (View: 74, DB: 0) | 200 OK [http://localhost/bookmarklets/new]
